{
  message: 'Server started and listening to port 3000',
  level: 'info',
  label: 'Logger!',
  timestamp: '13/07/2023 20:49'
}
{
  message: 'Server started and listening to port 3000',
  level: 'info',
  label: 'Logger!',
  timestamp: '13/07/2023 20:53'
}
{
  message: 'Successfully fetched friend list for user ID: 64a1cf9f23864fbf30daabdf',
  level: 'info',
  label: 'Logger!',
  timestamp: '13/07/2023 20:53'
}
{
  message: 'User logged in successfully. User ID: 64a1cf9f23864fbf30daabdf',
  level: 'info',
  label: 'Logger!',
  timestamp: '13/07/2023 20:53'
}
{
  message: 'Successfully fetched friend list for user ID: 64a1cf9f23864fbf30daabdf',
  level: 'info',
  label: 'Logger!',
  timestamp: '13/07/2023 20:53'
}
{
  message: 'Server started and listening to port 3000',
  level: 'info',
  label: 'Logger!',
  timestamp: '13/07/2023 21:14'
}
{
  message: 'User logged in successfully. User ID: 64a1cf9f23864fbf30daabdf',
  level: 'info',
  label: 'Logger!',
  timestamp: '13/07/2023 21:14'
}
{
  message: 'Successfully fetched friend list for user ID: 64a1cf9f23864fbf30daabdf',
  level: 'info',
  label: 'Logger!',
  timestamp: '13/07/2023 21:14'
}
{
  message: 'Successfully fetched friend list for user ID: 64a1cf9f23864fbf30daabdf',
  level: 'info',
  label: 'Logger!',
  timestamp: '13/07/2023 21:15'
}
{
  message: 'Successfully fetched friend list for user ID: 64a1cf9f23864fbf30daabdf',
  level: 'info',
  label: 'Logger!',
  timestamp: '13/07/2023 21:16'
}
{
  message: 'Successfully fetched friend list for user ID: 64a1cf9f23864fbf30daabdf',
  level: 'info',
  label: 'Logger!',
  timestamp: '13/07/2023 21:18'
}
{
  message: 'Successfully fetched friend list for user ID: 64a1cf9f23864fbf30daabdf',
  level: 'info',
  label: 'Logger!',
  timestamp: '13/07/2023 21:18'
}
{
  message: 'Successfully fetched friend list for user ID: 64a1cf9f23864fbf30daabdf',
  level: 'info',
  label: 'Logger!',
  timestamp: '13/07/2023 21:20'
}
{
  message: 'Successfully fetched friend list for user ID: 64a1cf9f23864fbf30daabdf',
  level: 'info',
  label: 'Logger!',
  timestamp: '13/07/2023 21:20'
}
{
  message: 'Successfully fetched friend list for user ID: 64a1cf9f23864fbf30daabdf',
  level: 'info',
  label: 'Logger!',
  timestamp: '13/07/2023 21:22'
}
{
  message: 'Successfully fetched friend list for user ID: 64a1cf9f23864fbf30daabdf',
  level: 'info',
  label: 'Logger!',
  timestamp: '13/07/2023 21:22'
}
{
  message: 'Successfully fetched friend list for user ID: 64a1cf9f23864fbf30daabdf',
  level: 'info',
  label: 'Logger!',
  timestamp: '13/07/2023 21:23'
}
{
  message: 'Successfully fetched friend list for user ID: 64a1cf9f23864fbf30daabdf',
  level: 'info',
  label: 'Logger!',
  timestamp: '13/07/2023 21:24'
}
{
  message: 'Error updating friend in PostgreSQL. Error: update "friendlist" set "username" = $1, "email" = $2, "age" = $3 where "id" = $4 - duplicate key value violates unique constraint "friendlist_username_key"',
  level: 'error',
  label: 'Logger!',
  timestamp: '13/07/2023 21:24'
}
{
  message: 'Error updating a friend. Error: update "friendlist" set "username" = $1, "email" = $2, "age" = $3 where "id" = $4 - duplicate key value violates unique constraint "friendlist_username_key"',
  level: 'error',
  label: 'Logger!',
  timestamp: '13/07/2023 21:24'
}
{
  message: 'Error updating friend in PostgreSQL. Error: update "friendlist" set "username" = $1, "email" = $2, "age" = $3 where "id" = $4 - duplicate key value violates unique constraint "friendlist_username_key"',
  level: 'error',
  label: 'Logger!',
  timestamp: '13/07/2023 21:25'
}
{
  message: 'Error updating a friend. Error: update "friendlist" set "username" = $1, "email" = $2, "age" = $3 where "id" = $4 - duplicate key value violates unique constraint "friendlist_username_key"',
  level: 'error',
  label: 'Logger!',
  timestamp: '13/07/2023 21:25'
}
{
  message: 'Successfully fetched friend list for user ID: 64a1cf9f23864fbf30daabdf',
  level: 'info',
  label: 'Logger!',
  timestamp: '13/07/2023 21:25'
}
{
  message: 'Error updating friend in PostgreSQL. Error: update "friendlist" set "username" = $1, "email" = $2, "age" = $3 where "id" = $4 - duplicate key value violates unique constraint "friendlist_username_key"',
  level: 'error',
  label: 'Logger!',
  timestamp: '13/07/2023 21:26'
}
{
  message: 'Error updating a friend. Error: update "friendlist" set "username" = $1, "email" = $2, "age" = $3 where "id" = $4 - duplicate key value violates unique constraint "friendlist_username_key"',
  level: 'error',
  label: 'Logger!',
  timestamp: '13/07/2023 21:26'
}
{
  message: 'Successfully fetched friend list for user ID: 64a1cf9f23864fbf30daabdf',
  level: 'info',
  label: 'Logger!',
  timestamp: '13/07/2023 21:30'
}
{
  message: 'Successfully fetched friend list for user ID: 64a1cf9f23864fbf30daabdf',
  level: 'info',
  label: 'Logger!',
  timestamp: '13/07/2023 21:33'
}
{
  message: 'Successfully fetched friend list for user ID: 64a1cf9f23864fbf30daabdf',
  level: 'info',
  label: 'Logger!',
  timestamp: '13/07/2023 21:33'
}
{
  message: 'Successfully fetched friend list for user ID: 64a1cf9f23864fbf30daabdf',
  level: 'info',
  label: 'Logger!',
  timestamp: '13/07/2023 21:35'
}
{
  message: 'Successfully fetched friend list for user ID: 64a1cf9f23864fbf30daabdf',
  level: 'info',
  label: 'Logger!',
  timestamp: '13/07/2023 21:36'
}
{
  message: 'Successfully fetched friend list for user ID: 64a1cf9f23864fbf30daabdf',
  level: 'info',
  label: 'Logger!',
  timestamp: '13/07/2023 21:36'
}
{
  message: 'Successfully fetched friend list for user ID: 64a1cf9f23864fbf30daabdf',
  level: 'info',
  label: 'Logger!',
  timestamp: '13/07/2023 21:37'
}
{
  message: 'Successfully fetched friend list for user ID: 64a1cf9f23864fbf30daabdf',
  level: 'info',
  label: 'Logger!',
  timestamp: '13/07/2023 21:38'
}
{
  message: 'Successfully fetched friend list for user ID: 64a1cf9f23864fbf30daabdf',
  level: 'info',
  label: 'Logger!',
  timestamp: '13/07/2023 21:38'
}
{
  message: 'Successfully fetched friend list for user ID: 64a1cf9f23864fbf30daabdf',
  level: 'info',
  label: 'Logger!',
  timestamp: '13/07/2023 21:39'
}
{
  message: 'Successfully fetched friend list for user ID: 64a1cf9f23864fbf30daabdf',
  level: 'info',
  label: 'Logger!',
  timestamp: '13/07/2023 21:39'
}
{
  message: 'Successfully fetched friend list for user ID: 64a1cf9f23864fbf30daabdf',
  level: 'info',
  label: 'Logger!',
  timestamp: '13/07/2023 21:39'
}
{
  message: 'Successfully fetched friend list for user ID: 64a1cf9f23864fbf30daabdf',
  level: 'info',
  label: 'Logger!',
  timestamp: '13/07/2023 21:41'
}
{
  message: 'Successfully fetched friend list for user ID: 64a1cf9f23864fbf30daabdf',
  level: 'info',
  label: 'Logger!',
  timestamp: '13/07/2023 21:41'
}
{
  message: 'Successfully fetched friend list for user ID: 64a1cf9f23864fbf30daabdf',
  level: 'info',
  label: 'Logger!',
  timestamp: '13/07/2023 21:41'
}
{
  message: 'Successfully fetched friend list for user ID: 64a1cf9f23864fbf30daabdf',
  level: 'info',
  label: 'Logger!',
  timestamp: '13/07/2023 21:43'
}
{
  message: 'Successfully fetched friend list for user ID: 64a1cf9f23864fbf30daabdf',
  level: 'info',
  label: 'Logger!',
  timestamp: '13/07/2023 21:45'
}
{
  message: 'Successfully fetched friend list for user ID: 64a1cf9f23864fbf30daabdf',
  level: 'info',
  label: 'Logger!',
  timestamp: '13/07/2023 21:46'
}
{
  message: 'Successfully fetched friend list for user ID: 64a1cf9f23864fbf30daabdf',
  level: 'info',
  label: 'Logger!',
  timestamp: '13/07/2023 21:46'
}
{
  message: 'Successfully fetched friend list for user ID: 64a1cf9f23864fbf30daabdf',
  level: 'info',
  label: 'Logger!',
  timestamp: '13/07/2023 21:47'
}
{
  message: 'Successfully fetched friend list for user ID: 64a1cf9f23864fbf30daabdf',
  level: 'info',
  label: 'Logger!',
  timestamp: '13/07/2023 21:47'
}
{
  message: 'Successfully fetched friend list for user ID: 64a1cf9f23864fbf30daabdf',
  level: 'info',
  label: 'Logger!',
  timestamp: '13/07/2023 21:48'
}
{
  message: 'Successfully fetched friend list for user ID: 64a1cf9f23864fbf30daabdf',
  level: 'info',
  label: 'Logger!',
  timestamp: '13/07/2023 21:49'
}
{
  message: 'Successfully fetched friend list for user ID: 64a1cf9f23864fbf30daabdf',
  level: 'info',
  label: 'Logger!',
  timestamp: '13/07/2023 21:49'
}
{
  message: 'Successfully fetched friend list for user ID: 64a1cf9f23864fbf30daabdf',
  level: 'info',
  label: 'Logger!',
  timestamp: '13/07/2023 21:50'
}
{
  message: 'Successfully fetched friend list for user ID: 64a1cf9f23864fbf30daabdf',
  level: 'info',
  label: 'Logger!',
  timestamp: '13/07/2023 21:50'
}
{
  message: 'Successfully fetched friend list for user ID: 64a1cf9f23864fbf30daabdf',
  level: 'info',
  label: 'Logger!',
  timestamp: '13/07/2023 21:51'
}
{
  message: 'Successfully fetched friend list for user ID: 64a1cf9f23864fbf30daabdf',
  level: 'info',
  label: 'Logger!',
  timestamp: '13/07/2023 21:51'
}
{
  message: 'Successfully updated friend in PostgreSQL. Friend ID: 3',
  level: 'info',
  label: 'Logger!',
  timestamp: '13/07/2023 21:52'
}
{
  message: 'Successfully fetched friend list for user ID: 64a1cf9f23864fbf30daabdf',
  level: 'info',
  label: 'Logger!',
  timestamp: '13/07/2023 21:52'
}
{
  message: 'Successfully updated friend in PostgreSQL. Friend ID: 3',
  level: 'info',
  label: 'Logger!',
  timestamp: '13/07/2023 21:52'
}
{
  message: 'Successfully fetched friend list for user ID: 64a1cf9f23864fbf30daabdf',
  level: 'info',
  label: 'Logger!',
  timestamp: '13/07/2023 21:52'
}
