{
  message: 'Server started and listening to port 3000',
  level: 'info',
  label: 'Logger!',
  timestamp: '07/09/2023 11:39'
}
{
  message: 'User logged in successfully. User ID: 64a1cf9f23864fbf30daabdf',
  level: 'info',
  label: 'Logger!',
  timestamp: '07/09/2023 11:40'
}
{
  message: 'Successfully get all friend in PostgreSQL. User ID: 64a1cf9f23864fbf30daabdf',
  level: 'info',
  label: 'Logger!',
  timestamp: '07/09/2023 11:40'
}
{
  message: 'Successfully fetched friend list for user ID: 64a1cf9f23864fbf30daabdf',
  level: 'info',
  label: 'Logger!',
  timestamp: '07/09/2023 11:40'
}
{
  message: 'Successfully get all friend in PostgreSQL. User ID: 64a1cf9f23864fbf30daabdf',
  level: 'info',
  label: 'Logger!',
  timestamp: '07/09/2023 11:40'
}
{
  message: 'Successfully fetched friend list for user ID: 64a1cf9f23864fbf30daabdf',
  level: 'info',
  label: 'Logger!',
  timestamp: '07/09/2023 11:40'
}
{
  message: 'Server started and listening to port 3000',
  level: 'info',
  label: 'Logger!',
  timestamp: '07/09/2023 11:41'
}
{
  message: 'User logged in successfully. User ID: 64a1cf9f23864fbf30daabdf',
  level: 'info',
  label: 'Logger!',
  timestamp: '07/09/2023 11:41'
}
{
  message: 'Successfully get all friend in PostgreSQL. User ID: 64a1cf9f23864fbf30daabdf',
  level: 'info',
  label: 'Logger!',
  timestamp: '07/09/2023 11:41'
}
{
  message: 'Successfully fetched friend list for user ID: 64a1cf9f23864fbf30daabdf',
  level: 'info',
  label: 'Logger!',
  timestamp: '07/09/2023 11:41'
}
{
  message: 'Successfully get all friend in PostgreSQL. User ID: 64a1cf9f23864fbf30daabdf',
  level: 'info',
  label: 'Logger!',
  timestamp: '07/09/2023 11:42'
}
{
  message: 'Successfully fetched friend list for user ID: 64a1cf9f23864fbf30daabdf',
  level: 'info',
  label: 'Logger!',
  timestamp: '07/09/2023 11:42'
}
{
  message: 'Successfully get all friend in PostgreSQL. User ID: 64a1cf9f23864fbf30daabdf',
  level: 'info',
  label: 'Logger!',
  timestamp: '07/09/2023 11:43'
}
{
  message: 'Successfully fetched friend list for user ID: 64a1cf9f23864fbf30daabdf',
  level: 'info',
  label: 'Logger!',
  timestamp: '07/09/2023 11:43'
}
