{
  message: 'Server started and listening to port 3000',
  level: 'info',
  label: 'Logger!',
  timestamp: '30/08/2023 05:31'
}
{
  message: 'User logged in successfully. User ID: 64a1cf9f23864fbf30daabdf',
  level: 'info',
  label: 'Logger!',
  timestamp: '30/08/2023 05:31'
}
{
  message: 'Successfully get all friend in PostgreSQL. User ID: 64a1cf9f23864fbf30daabdf',
  level: 'info',
  label: 'Logger!',
  timestamp: '30/08/2023 05:31'
}
{
  message: 'Successfully fetched friend list for user ID: 64a1cf9f23864fbf30daabdf',
  level: 'info',
  label: 'Logger!',
  timestamp: '30/08/2023 05:31'
}
{
  message: 'Successfully get friend by id 1 from PostgreSQL. User ID: 64a1cf9f23864fbf30daabdf',
  level: 'info',
  label: 'Logger!',
  timestamp: '30/08/2023 05:31'
}
{
  message: 'Successfully fetched friend by id: 1 for user ID: 64a1cf9f23864fbf30daabdf',
  level: 'info',
  label: 'Logger!',
  timestamp: '30/08/2023 05:31'
}
{
  message: 'Successfully get friend by id 1 from PostgreSQL. User ID: 64a1cf9f23864fbf30daabdf',
  level: 'info',
  label: 'Logger!',
  timestamp: '30/08/2023 05:31'
}
{
  message: 'Successfully fetched friend by id: 1 for user ID: 64a1cf9f23864fbf30daabdf',
  level: 'info',
  label: 'Logger!',
  timestamp: '30/08/2023 05:31'
}
{
  message: 'Successfully updated friend in PostgreSQL. Friend ID: 1',
  level: 'info',
  label: 'Logger!',
  timestamp: '30/08/2023 05:32'
}
{
  message: 'Successfully get all friend in PostgreSQL. User ID: 64a1cf9f23864fbf30daabdf',
  level: 'info',
  label: 'Logger!',
  timestamp: '30/08/2023 05:32'
}
{
  message: 'Successfully fetched friend list for user ID: 64a1cf9f23864fbf30daabdf',
  level: 'info',
  label: 'Logger!',
  timestamp: '30/08/2023 05:32'
}
{
  message: 'New friend added to PostgreSQL. Friend ID: 7',
  level: 'info',
  label: 'Logger!',
  timestamp: '30/08/2023 05:33'
}
{
  message: 'New friend added successfully. Friend ID: 7',
  level: 'info',
  label: 'Logger!',
  timestamp: '30/08/2023 05:33'
}
{
  message: 'Successfully get all friend in PostgreSQL. User ID: 64a1cf9f23864fbf30daabdf',
  level: 'info',
  label: 'Logger!',
  timestamp: '30/08/2023 05:33'
}
{
  message: 'Successfully fetched friend list for user ID: 64a1cf9f23864fbf30daabdf',
  level: 'info',
  label: 'Logger!',
  timestamp: '30/08/2023 05:33'
}
{
  message: 'Successfully deleted friend from PostgreSQL. Friend ID: 7',
  level: 'info',
  label: 'Logger!',
  timestamp: '30/08/2023 05:33'
}
{
  message: 'Successfully get all friend in PostgreSQL. User ID: 64a1cf9f23864fbf30daabdf',
  level: 'info',
  label: 'Logger!',
  timestamp: '30/08/2023 05:33'
}
{
  message: 'Successfully fetched friend list for user ID: 64a1cf9f23864fbf30daabdf',
  level: 'info',
  label: 'Logger!',
  timestamp: '30/08/2023 05:33'
}
