{
  message: 'Server started and listening to port 3000',
  level: 'info',
  label: 'Logger!',
  timestamp: '11/08/2023 19:25'
}
{
  message: 'User logged in successfully. User ID: 64a1cf9f23864fbf30daabdf',
  level: 'info',
  label: 'Logger!',
  timestamp: '11/08/2023 19:25'
}
{
  message: 'User logged in successfully. User ID: 64a1cf9f23864fbf30daabdf',
  level: 'info',
  label: 'Logger!',
  timestamp: '11/08/2023 19:27'
}
{
  message: 'Server started and listening to port 3000',
  level: 'info',
  label: 'Logger!',
  timestamp: '11/08/2023 19:29'
}
{
  message: 'Server started and listening to port 3000',
  level: 'info',
  label: 'Logger!',
  timestamp: '11/08/2023 19:29'
}
{
  message: 'Server started and listening to port 3000',
  level: 'info',
  label: 'Logger!',
  timestamp: '11/08/2023 19:45'
}
{
  message: 'Login failed. Error: incorrect password',
  level: 'error',
  label: 'Logger!',
  timestamp: '11/08/2023 19:46'
}
{
  message: 'User logged in successfully. User ID: 64a1cf9f23864fbf30daabdf',
  level: 'info',
  label: 'Logger!',
  timestamp: '11/08/2023 19:46'
}
